<?xml version="1.0" encoding="UTF-8"?>
<testsuite xmlns:xsi="http://www.w3.org/2001/XMLSchema-instance" xsi:noNamespaceSchemaLocation="https://maven.apache.org/surefire/maven-surefire-plugin/xsd/surefire-test-report-3.0.xsd" version="3.0" name="com.gana.sample.newjenkins.AppTest" time="0.047" tests="5" errors="0" skipped="0" failures="0">
  <properties>
[...]
</properties>
  <testcase name="testMaximumDigits" classname="com.gana.sample.newjenkins.AppTest" time="0.016"/>
  <testcase name="testsubSetArray" classname="com.gana.sample.newjenkins.AppTest" time="0.0"/>
  <testcase name="testSumOfDigits" classname="com.gana.sample.newjenkins.AppTest" time="0.0"/>
  <testcase name="testFibonacciSeries" classname="com.gana.sample.newjenkins.AppTest" time="0.0"/>
  <testcase name="testIncreasingOrder" classname="com.gana.sample.newjenkins.AppTest" time="0.015"/>
</testsuite>